  소스.cpp
c:\users\t1\documents\visual studio 2015\projects\consoleapplication5\consoleapplication5\소스.cpp(1866): warning C4244: '초기화 중': 'double'에서 'int'(으)로 변환하면서 데이터가 손실될 수 있습니다.
c:\users\t1\documents\visual studio 2015\projects\consoleapplication5\consoleapplication5\소스.cpp(1867): warning C4244: '초기화 중': 'double'에서 'int'(으)로 변환하면서 데이터가 손실될 수 있습니다.
c:\users\t1\documents\visual studio 2015\projects\consoleapplication5\consoleapplication5\소스.cpp(1881): warning C4244: '=': 'double'에서 'int'(으)로 변환하면서 데이터가 손실될 수 있습니다.
c:\users\t1\documents\visual studio 2015\projects\consoleapplication5\consoleapplication5\소스.cpp(1884): warning C4244: '=': 'double'에서 'int'(으)로 변환하면서 데이터가 손실될 수 있습니다.
c:\users\t1\documents\visual studio 2015\projects\consoleapplication5\consoleapplication5\소스.cpp(1968): warning C4244: '=': 'double'에서 'int'(으)로 변환하면서 데이터가 손실될 수 있습니다.
c:\users\t1\documents\visual studio 2015\projects\consoleapplication5\consoleapplication5\소스.cpp(1969): warning C4244: '=': 'double'에서 'int'(으)로 변환하면서 데이터가 손실될 수 있습니다.
c:\users\t1\documents\visual studio 2015\projects\consoleapplication5\consoleapplication5\소스.cpp(1976): warning C4244: '=': 'double'에서 'int'(으)로 변환하면서 데이터가 손실될 수 있습니다.
c:\users\t1\documents\visual studio 2015\projects\consoleapplication5\consoleapplication5\소스.cpp(1979): warning C4244: '=': 'double'에서 'int'(으)로 변환하면서 데이터가 손실될 수 있습니다.
c:\users\t1\documents\visual studio 2015\projects\consoleapplication5\consoleapplication5\소스.cpp(1998): warning C4244: '=': 'double'에서 'int'(으)로 변환하면서 데이터가 손실될 수 있습니다.
c:\users\t1\documents\visual studio 2015\projects\consoleapplication5\consoleapplication5\소스.cpp(1999): warning C4244: '=': 'double'에서 'int'(으)로 변환하면서 데이터가 손실될 수 있습니다.
c:\users\t1\documents\visual studio 2015\projects\consoleapplication5\consoleapplication5\소스.cpp(2006): warning C4244: '=': 'double'에서 'int'(으)로 변환하면서 데이터가 손실될 수 있습니다.
c:\users\t1\documents\visual studio 2015\projects\consoleapplication5\consoleapplication5\소스.cpp(2009): warning C4244: '=': 'double'에서 'int'(으)로 변환하면서 데이터가 손실될 수 있습니다.
c:\users\t1\documents\visual studio 2015\projects\consoleapplication5\consoleapplication5\소스.cpp(2029): warning C4244: '=': 'double'에서 'int'(으)로 변환하면서 데이터가 손실될 수 있습니다.
c:\users\t1\documents\visual studio 2015\projects\consoleapplication5\consoleapplication5\소스.cpp(2030): warning C4244: '=': 'double'에서 'int'(으)로 변환하면서 데이터가 손실될 수 있습니다.
c:\users\t1\documents\visual studio 2015\projects\consoleapplication5\consoleapplication5\소스.cpp(2037): warning C4244: '=': 'double'에서 'int'(으)로 변환하면서 데이터가 손실될 수 있습니다.
c:\users\t1\documents\visual studio 2015\projects\consoleapplication5\consoleapplication5\소스.cpp(2040): warning C4244: '=': 'double'에서 'int'(으)로 변환하면서 데이터가 손실될 수 있습니다.
c:\users\t1\documents\visual studio 2015\projects\consoleapplication5\consoleapplication5\소스.cpp(2058): warning C4244: '=': 'double'에서 'int'(으)로 변환하면서 데이터가 손실될 수 있습니다.
c:\users\t1\documents\visual studio 2015\projects\consoleapplication5\consoleapplication5\소스.cpp(2059): warning C4244: '=': 'double'에서 'int'(으)로 변환하면서 데이터가 손실될 수 있습니다.
c:\users\t1\documents\visual studio 2015\projects\consoleapplication5\consoleapplication5\소스.cpp(2066): warning C4244: '=': 'double'에서 'int'(으)로 변환하면서 데이터가 손실될 수 있습니다.
c:\users\t1\documents\visual studio 2015\projects\consoleapplication5\consoleapplication5\소스.cpp(2069): warning C4244: '=': 'double'에서 'int'(으)로 변환하면서 데이터가 손실될 수 있습니다.
c:\users\t1\documents\visual studio 2015\projects\consoleapplication5\consoleapplication5\소스.cpp(2088): warning C4244: '=': 'double'에서 'int'(으)로 변환하면서 데이터가 손실될 수 있습니다.
c:\users\t1\documents\visual studio 2015\projects\consoleapplication5\consoleapplication5\소스.cpp(2089): warning C4244: '=': 'double'에서 'int'(으)로 변환하면서 데이터가 손실될 수 있습니다.
c:\users\t1\documents\visual studio 2015\projects\consoleapplication5\consoleapplication5\소스.cpp(2096): warning C4244: '=': 'double'에서 'int'(으)로 변환하면서 데이터가 손실될 수 있습니다.
c:\users\t1\documents\visual studio 2015\projects\consoleapplication5\consoleapplication5\소스.cpp(2099): warning C4244: '=': 'double'에서 'int'(으)로 변환하면서 데이터가 손실될 수 있습니다.
c:\users\t1\documents\visual studio 2015\projects\consoleapplication5\consoleapplication5\소스.cpp(2116): warning C4244: '=': 'double'에서 'int'(으)로 변환하면서 데이터가 손실될 수 있습니다.
c:\users\t1\documents\visual studio 2015\projects\consoleapplication5\consoleapplication5\소스.cpp(2117): warning C4244: '=': 'double'에서 'int'(으)로 변환하면서 데이터가 손실될 수 있습니다.
c:\users\t1\documents\visual studio 2015\projects\consoleapplication5\consoleapplication5\소스.cpp(2124): warning C4244: '=': 'double'에서 'int'(으)로 변환하면서 데이터가 손실될 수 있습니다.
c:\users\t1\documents\visual studio 2015\projects\consoleapplication5\consoleapplication5\소스.cpp(2127): warning C4244: '=': 'double'에서 'int'(으)로 변환하면서 데이터가 손실될 수 있습니다.
c:\users\t1\documents\visual studio 2015\projects\consoleapplication5\consoleapplication5\소스.cpp(2148): warning C4244: '=': 'double'에서 'int'(으)로 변환하면서 데이터가 손실될 수 있습니다.
c:\users\t1\documents\visual studio 2015\projects\consoleapplication5\consoleapplication5\소스.cpp(2149): warning C4244: '=': 'double'에서 'int'(으)로 변환하면서 데이터가 손실될 수 있습니다.
c:\users\t1\documents\visual studio 2015\projects\consoleapplication5\consoleapplication5\소스.cpp(2156): warning C4244: '=': 'double'에서 'int'(으)로 변환하면서 데이터가 손실될 수 있습니다.
c:\users\t1\documents\visual studio 2015\projects\consoleapplication5\consoleapplication5\소스.cpp(2159): warning C4244: '=': 'double'에서 'int'(으)로 변환하면서 데이터가 손실될 수 있습니다.
c:\users\t1\documents\visual studio 2015\projects\consoleapplication5\consoleapplication5\소스.cpp(2178): warning C4244: '=': 'double'에서 'int'(으)로 변환하면서 데이터가 손실될 수 있습니다.
c:\users\t1\documents\visual studio 2015\projects\consoleapplication5\consoleapplication5\소스.cpp(2179): warning C4244: '=': 'double'에서 'int'(으)로 변환하면서 데이터가 손실될 수 있습니다.
c:\users\t1\documents\visual studio 2015\projects\consoleapplication5\consoleapplication5\소스.cpp(2186): warning C4244: '=': 'double'에서 'int'(으)로 변환하면서 데이터가 손실될 수 있습니다.
c:\users\t1\documents\visual studio 2015\projects\consoleapplication5\consoleapplication5\소스.cpp(2189): warning C4244: '=': 'double'에서 'int'(으)로 변환하면서 데이터가 손실될 수 있습니다.
c:\users\t1\documents\visual studio 2015\projects\consoleapplication5\consoleapplication5\소스.cpp(2208): warning C4244: '=': 'double'에서 'int'(으)로 변환하면서 데이터가 손실될 수 있습니다.
c:\users\t1\documents\visual studio 2015\projects\consoleapplication5\consoleapplication5\소스.cpp(2209): warning C4244: '=': 'double'에서 'int'(으)로 변환하면서 데이터가 손실될 수 있습니다.
c:\users\t1\documents\visual studio 2015\projects\consoleapplication5\consoleapplication5\소스.cpp(2216): warning C4244: '=': 'double'에서 'int'(으)로 변환하면서 데이터가 손실될 수 있습니다.
c:\users\t1\documents\visual studio 2015\projects\consoleapplication5\consoleapplication5\소스.cpp(2219): warning C4244: '=': 'double'에서 'int'(으)로 변환하면서 데이터가 손실될 수 있습니다.
c:\users\t1\documents\visual studio 2015\projects\consoleapplication5\consoleapplication5\소스.cpp(2238): warning C4244: '=': 'double'에서 'int'(으)로 변환하면서 데이터가 손실될 수 있습니다.
c:\users\t1\documents\visual studio 2015\projects\consoleapplication5\consoleapplication5\소스.cpp(2239): warning C4244: '=': 'double'에서 'int'(으)로 변환하면서 데이터가 손실될 수 있습니다.
c:\users\t1\documents\visual studio 2015\projects\consoleapplication5\consoleapplication5\소스.cpp(2246): warning C4244: '=': 'double'에서 'int'(으)로 변환하면서 데이터가 손실될 수 있습니다.
c:\users\t1\documents\visual studio 2015\projects\consoleapplication5\consoleapplication5\소스.cpp(2249): warning C4244: '=': 'double'에서 'int'(으)로 변환하면서 데이터가 손실될 수 있습니다.
c:\users\t1\documents\visual studio 2015\projects\consoleapplication5\consoleapplication5\소스.cpp(2268): warning C4244: '=': 'double'에서 'int'(으)로 변환하면서 데이터가 손실될 수 있습니다.
c:\users\t1\documents\visual studio 2015\projects\consoleapplication5\consoleapplication5\소스.cpp(2269): warning C4244: '=': 'double'에서 'int'(으)로 변환하면서 데이터가 손실될 수 있습니다.
c:\users\t1\documents\visual studio 2015\projects\consoleapplication5\consoleapplication5\소스.cpp(2276): warning C4244: '=': 'double'에서 'int'(으)로 변환하면서 데이터가 손실될 수 있습니다.
c:\users\t1\documents\visual studio 2015\projects\consoleapplication5\consoleapplication5\소스.cpp(2279): warning C4244: '=': 'double'에서 'int'(으)로 변환하면서 데이터가 손실될 수 있습니다.
c:\users\t1\documents\visual studio 2015\projects\consoleapplication5\consoleapplication5\소스.cpp(2298): warning C4244: '=': 'double'에서 'int'(으)로 변환하면서 데이터가 손실될 수 있습니다.
c:\users\t1\documents\visual studio 2015\projects\consoleapplication5\consoleapplication5\소스.cpp(2299): warning C4244: '=': 'double'에서 'int'(으)로 변환하면서 데이터가 손실될 수 있습니다.
c:\users\t1\documents\visual studio 2015\projects\consoleapplication5\consoleapplication5\소스.cpp(2306): warning C4244: '=': 'double'에서 'int'(으)로 변환하면서 데이터가 손실될 수 있습니다.
c:\users\t1\documents\visual studio 2015\projects\consoleapplication5\consoleapplication5\소스.cpp(2309): warning C4244: '=': 'double'에서 'int'(으)로 변환하면서 데이터가 손실될 수 있습니다.
c:\users\t1\documents\visual studio 2015\projects\consoleapplication5\consoleapplication5\소스.cpp(2328): warning C4244: '=': 'double'에서 'int'(으)로 변환하면서 데이터가 손실될 수 있습니다.
c:\users\t1\documents\visual studio 2015\projects\consoleapplication5\consoleapplication5\소스.cpp(2329): warning C4244: '=': 'double'에서 'int'(으)로 변환하면서 데이터가 손실될 수 있습니다.
c:\users\t1\documents\visual studio 2015\projects\consoleapplication5\consoleapplication5\소스.cpp(2336): warning C4244: '=': 'double'에서 'int'(으)로 변환하면서 데이터가 손실될 수 있습니다.
c:\users\t1\documents\visual studio 2015\projects\consoleapplication5\consoleapplication5\소스.cpp(2339): warning C4244: '=': 'double'에서 'int'(으)로 변환하면서 데이터가 손실될 수 있습니다.
c:\users\t1\documents\visual studio 2015\projects\consoleapplication5\consoleapplication5\소스.cpp(2358): warning C4244: '=': 'double'에서 'int'(으)로 변환하면서 데이터가 손실될 수 있습니다.
c:\users\t1\documents\visual studio 2015\projects\consoleapplication5\consoleapplication5\소스.cpp(2359): warning C4244: '=': 'double'에서 'int'(으)로 변환하면서 데이터가 손실될 수 있습니다.
c:\users\t1\documents\visual studio 2015\projects\consoleapplication5\consoleapplication5\소스.cpp(2366): warning C4244: '=': 'double'에서 'int'(으)로 변환하면서 데이터가 손실될 수 있습니다.
c:\users\t1\documents\visual studio 2015\projects\consoleapplication5\consoleapplication5\소스.cpp(2369): warning C4244: '=': 'double'에서 'int'(으)로 변환하면서 데이터가 손실될 수 있습니다.
c:\users\t1\documents\visual studio 2015\projects\consoleapplication5\consoleapplication5\소스.cpp(2388): warning C4244: '=': 'double'에서 'int'(으)로 변환하면서 데이터가 손실될 수 있습니다.
c:\users\t1\documents\visual studio 2015\projects\consoleapplication5\consoleapplication5\소스.cpp(2389): warning C4244: '=': 'double'에서 'int'(으)로 변환하면서 데이터가 손실될 수 있습니다.
c:\users\t1\documents\visual studio 2015\projects\consoleapplication5\consoleapplication5\소스.cpp(2396): warning C4244: '=': 'double'에서 'int'(으)로 변환하면서 데이터가 손실될 수 있습니다.
c:\users\t1\documents\visual studio 2015\projects\consoleapplication5\consoleapplication5\소스.cpp(2399): warning C4244: '=': 'double'에서 'int'(으)로 변환하면서 데이터가 손실될 수 있습니다.
c:\users\t1\documents\visual studio 2015\projects\consoleapplication5\consoleapplication5\소스.cpp(2418): warning C4244: '=': 'double'에서 'int'(으)로 변환하면서 데이터가 손실될 수 있습니다.
c:\users\t1\documents\visual studio 2015\projects\consoleapplication5\consoleapplication5\소스.cpp(2419): warning C4244: '=': 'double'에서 'int'(으)로 변환하면서 데이터가 손실될 수 있습니다.
c:\users\t1\documents\visual studio 2015\projects\consoleapplication5\consoleapplication5\소스.cpp(2426): warning C4244: '=': 'double'에서 'int'(으)로 변환하면서 데이터가 손실될 수 있습니다.
c:\users\t1\documents\visual studio 2015\projects\consoleapplication5\consoleapplication5\소스.cpp(2429): warning C4244: '=': 'double'에서 'int'(으)로 변환하면서 데이터가 손실될 수 있습니다.
c:\users\t1\documents\visual studio 2015\projects\consoleapplication5\consoleapplication5\소스.cpp(2448): warning C4244: '=': 'double'에서 'int'(으)로 변환하면서 데이터가 손실될 수 있습니다.
c:\users\t1\documents\visual studio 2015\projects\consoleapplication5\consoleapplication5\소스.cpp(2449): warning C4244: '=': 'double'에서 'int'(으)로 변환하면서 데이터가 손실될 수 있습니다.
c:\users\t1\documents\visual studio 2015\projects\consoleapplication5\consoleapplication5\소스.cpp(2456): warning C4244: '=': 'double'에서 'int'(으)로 변환하면서 데이터가 손실될 수 있습니다.
c:\users\t1\documents\visual studio 2015\projects\consoleapplication5\consoleapplication5\소스.cpp(2459): warning C4244: '=': 'double'에서 'int'(으)로 변환하면서 데이터가 손실될 수 있습니다.
c:\users\t1\documents\visual studio 2015\projects\consoleapplication5\consoleapplication5\소스.cpp(2478): warning C4244: '=': 'double'에서 'int'(으)로 변환하면서 데이터가 손실될 수 있습니다.
c:\users\t1\documents\visual studio 2015\projects\consoleapplication5\consoleapplication5\소스.cpp(2479): warning C4244: '=': 'double'에서 'int'(으)로 변환하면서 데이터가 손실될 수 있습니다.
c:\users\t1\documents\visual studio 2015\projects\consoleapplication5\consoleapplication5\소스.cpp(2486): warning C4244: '=': 'double'에서 'int'(으)로 변환하면서 데이터가 손실될 수 있습니다.
c:\users\t1\documents\visual studio 2015\projects\consoleapplication5\consoleapplication5\소스.cpp(2489): warning C4244: '=': 'double'에서 'int'(으)로 변환하면서 데이터가 손실될 수 있습니다.
c:\users\t1\documents\visual studio 2015\projects\consoleapplication5\consoleapplication5\소스.cpp(2508): warning C4244: '=': 'double'에서 'int'(으)로 변환하면서 데이터가 손실될 수 있습니다.
c:\users\t1\documents\visual studio 2015\projects\consoleapplication5\consoleapplication5\소스.cpp(2509): warning C4244: '=': 'double'에서 'int'(으)로 변환하면서 데이터가 손실될 수 있습니다.
c:\users\t1\documents\visual studio 2015\projects\consoleapplication5\consoleapplication5\소스.cpp(2516): warning C4244: '=': 'double'에서 'int'(으)로 변환하면서 데이터가 손실될 수 있습니다.
c:\users\t1\documents\visual studio 2015\projects\consoleapplication5\consoleapplication5\소스.cpp(2519): warning C4244: '=': 'double'에서 'int'(으)로 변환하면서 데이터가 손실될 수 있습니다.
c:\users\t1\documents\visual studio 2015\projects\consoleapplication5\consoleapplication5\소스.cpp(2538): warning C4244: '=': 'double'에서 'int'(으)로 변환하면서 데이터가 손실될 수 있습니다.
c:\users\t1\documents\visual studio 2015\projects\consoleapplication5\consoleapplication5\소스.cpp(2539): warning C4244: '=': 'double'에서 'int'(으)로 변환하면서 데이터가 손실될 수 있습니다.
c:\users\t1\documents\visual studio 2015\projects\consoleapplication5\consoleapplication5\소스.cpp(2546): warning C4244: '=': 'double'에서 'int'(으)로 변환하면서 데이터가 손실될 수 있습니다.
c:\users\t1\documents\visual studio 2015\projects\consoleapplication5\consoleapplication5\소스.cpp(2549): warning C4244: '=': 'double'에서 'int'(으)로 변환하면서 데이터가 손실될 수 있습니다.
c:\users\t1\documents\visual studio 2015\projects\consoleapplication5\consoleapplication5\소스.cpp(2568): warning C4244: '=': 'double'에서 'int'(으)로 변환하면서 데이터가 손실될 수 있습니다.
c:\users\t1\documents\visual studio 2015\projects\consoleapplication5\consoleapplication5\소스.cpp(2569): warning C4244: '=': 'double'에서 'int'(으)로 변환하면서 데이터가 손실될 수 있습니다.
c:\users\t1\documents\visual studio 2015\projects\consoleapplication5\consoleapplication5\소스.cpp(2576): warning C4244: '=': 'double'에서 'int'(으)로 변환하면서 데이터가 손실될 수 있습니다.
c:\users\t1\documents\visual studio 2015\projects\consoleapplication5\consoleapplication5\소스.cpp(2579): warning C4244: '=': 'double'에서 'int'(으)로 변환하면서 데이터가 손실될 수 있습니다.
c:\users\t1\documents\visual studio 2015\projects\consoleapplication5\consoleapplication5\소스.cpp(2598): warning C4244: '=': 'double'에서 'int'(으)로 변환하면서 데이터가 손실될 수 있습니다.
c:\users\t1\documents\visual studio 2015\projects\consoleapplication5\consoleapplication5\소스.cpp(2599): warning C4244: '=': 'double'에서 'int'(으)로 변환하면서 데이터가 손실될 수 있습니다.
c:\users\t1\documents\visual studio 2015\projects\consoleapplication5\consoleapplication5\소스.cpp(2606): warning C4244: '=': 'double'에서 'int'(으)로 변환하면서 데이터가 손실될 수 있습니다.
c:\users\t1\documents\visual studio 2015\projects\consoleapplication5\consoleapplication5\소스.cpp(2609): warning C4244: '=': 'double'에서 'int'(으)로 변환하면서 데이터가 손실될 수 있습니다.
c:\users\t1\documents\visual studio 2015\projects\consoleapplication5\consoleapplication5\소스.cpp(2628): warning C4244: '=': 'double'에서 'int'(으)로 변환하면서 데이터가 손실될 수 있습니다.
c:\users\t1\documents\visual studio 2015\projects\consoleapplication5\consoleapplication5\소스.cpp(2629): warning C4244: '=': 'double'에서 'int'(으)로 변환하면서 데이터가 손실될 수 있습니다.
c:\users\t1\documents\visual studio 2015\projects\consoleapplication5\consoleapplication5\소스.cpp(2636): warning C4244: '=': 'double'에서 'int'(으)로 변환하면서 데이터가 손실될 수 있습니다.
c:\users\t1\documents\visual studio 2015\projects\consoleapplication5\consoleapplication5\소스.cpp(2639): warning C4244: '=': 'double'에서 'int'(으)로 변환하면서 데이터가 손실될 수 있습니다.
c:\users\t1\documents\visual studio 2015\projects\consoleapplication5\consoleapplication5\소스.cpp(2658): warning C4244: '=': 'double'에서 'int'(으)로 변환하면서 데이터가 손실될 수 있습니다.
c:\users\t1\documents\visual studio 2015\projects\consoleapplication5\consoleapplication5\소스.cpp(2659): warning C4244: '=': 'double'에서 'int'(으)로 변환하면서 데이터가 손실될 수 있습니다.
c:\users\t1\documents\visual studio 2015\projects\consoleapplication5\consoleapplication5\소스.cpp(2666): warning C4244: '=': 'double'에서 'int'(으)로 변환하면서 데이터가 손실될 수 있습니다.
c:\users\t1\documents\visual studio 2015\projects\consoleapplication5\consoleapplication5\소스.cpp(2669): warning C4244: '=': 'double'에서 'int'(으)로 변환하면서 데이터가 손실될 수 있습니다.
c:\users\t1\documents\visual studio 2015\projects\consoleapplication5\consoleapplication5\소스.cpp(2688): warning C4244: '=': 'double'에서 'int'(으)로 변환하면서 데이터가 손실될 수 있습니다.
c:\users\t1\documents\visual studio 2015\projects\consoleapplication5\consoleapplication5\소스.cpp(2689): warning C4244: '=': 'double'에서 'int'(으)로 변환하면서 데이터가 손실될 수 있습니다.
c:\users\t1\documents\visual studio 2015\projects\consoleapplication5\consoleapplication5\소스.cpp(2696): warning C4244: '=': 'double'에서 'int'(으)로 변환하면서 데이터가 손실될 수 있습니다.
c:\users\t1\documents\visual studio 2015\projects\consoleapplication5\consoleapplication5\소스.cpp(2699): warning C4244: '=': 'double'에서 'int'(으)로 변환하면서 데이터가 손실될 수 있습니다.
c:\users\t1\documents\visual studio 2015\projects\consoleapplication5\consoleapplication5\소스.cpp(2911): warning C4244: '=': 'double'에서 'int'(으)로 변환하면서 데이터가 손실될 수 있습니다.
c:\users\t1\documents\visual studio 2015\projects\consoleapplication5\consoleapplication5\소스.cpp(2912): warning C4244: '=': 'double'에서 'int'(으)로 변환하면서 데이터가 손실될 수 있습니다.
c:\users\t1\documents\visual studio 2015\projects\consoleapplication5\consoleapplication5\소스.cpp(2919): warning C4244: '=': 'double'에서 'int'(으)로 변환하면서 데이터가 손실될 수 있습니다.
c:\users\t1\documents\visual studio 2015\projects\consoleapplication5\consoleapplication5\소스.cpp(2922): warning C4244: '=': 'double'에서 'int'(으)로 변환하면서 데이터가 손실될 수 있습니다.
c:\users\t1\documents\visual studio 2015\projects\consoleapplication5\consoleapplication5\소스.cpp(2941): warning C4244: '=': 'double'에서 'int'(으)로 변환하면서 데이터가 손실될 수 있습니다.
c:\users\t1\documents\visual studio 2015\projects\consoleapplication5\consoleapplication5\소스.cpp(2942): warning C4244: '=': 'double'에서 'int'(으)로 변환하면서 데이터가 손실될 수 있습니다.
c:\users\t1\documents\visual studio 2015\projects\consoleapplication5\consoleapplication5\소스.cpp(2949): warning C4244: '=': 'double'에서 'int'(으)로 변환하면서 데이터가 손실될 수 있습니다.
c:\users\t1\documents\visual studio 2015\projects\consoleapplication5\consoleapplication5\소스.cpp(2952): warning C4244: '=': 'double'에서 'int'(으)로 변환하면서 데이터가 손실될 수 있습니다.
c:\users\t1\documents\visual studio 2015\projects\consoleapplication5\consoleapplication5\소스.cpp(134): warning C4101: 'sum' :참조되지 않은 지역 변수입니다.
c:\users\t1\documents\visual studio 2015\projects\consoleapplication5\consoleapplication5\소스.cpp(130): warning C4101: 'u' :참조되지 않은 지역 변수입니다.
  ConsoleApplication5.vcxproj -> C:\Users\T1\documents\visual studio 2015\Projects\ConsoleApplication5\Debug\ConsoleApplication5.exe
  ConsoleApplication5.vcxproj -> C:\Users\T1\documents\visual studio 2015\Projects\ConsoleApplication5\Debug\ConsoleApplication5.pdb (Full PDB)
